Arguments: 
  /Users/fsw/.nvm/versions/node/v6.9.5/bin/node /usr/local/bin/yarn add @webcomponents/webcomponentjs

PATH: 
  /Users/fsw/platform-tools:~/Configuration/configure.sh:/usr/local/bin/qmake:/Users/fsw/.nvm/versions/node/v6.9.5/bin:/Users/fsw/platform-tools:~/Configuration/configure.sh:/usr/local/bin/qmake:/usr/local/bin:/usr/bin:/bin:/usr/sbin:/sbin:/Library/TeX/texbin

Yarn version: 
  0.19.1

Node version: 
  6.9.5

Platform: 
  darwin x64

npm manifest: 
  {
    "name": "polymer3-preview",
    "version": "1.0.0",
    "description": "The first, great, hands-on P3 preview",
    "main": "index.js",
    "repository": {},
    "author": "Frank Wijmans",
    "license": "MIT",
    "flat": true,
    "dependencies": {
      "@polymer/polymer": "next"
    }
  }

yarn manifest: 
  No manifest

Lockfile: 
  # THIS IS AN AUTOGENERATED FILE. DO NOT EDIT THIS FILE DIRECTLY.
  # yarn lockfile v1
  
  
  "@polymer/polymer@next":
    version "3.0.0-pre.1"
    resolved "https://registry.yarnpkg.com/@polymer/polymer/-/polymer-3.0.0-pre.1.tgz#9fc26b5259aad9265f324ced02de715991d2eabe"
    dependencies:
      "@webcomponents/shadycss" "^1.0.0"
      "@webcomponents/webcomponentsjs" "^1.0.0"
  
  "@webcomponents/shadycss@^1.0.0":
    version "1.0.6"
    resolved "https://registry.yarnpkg.com/@webcomponents/shadycss/-/shadycss-1.0.6.tgz#5679919c43da77cbc884ba0bef6457111c65d7cd"
  
  "@webcomponents/webcomponentsjs@^1.0.0":
    version "1.0.13"
    resolved "https://registry.yarnpkg.com/@webcomponents/webcomponentsjs/-/webcomponentsjs-1.0.13.tgz#c42e4c321a0b252f721bead04111ebd4dfc39969"

Trace: 
  Error: https://registry.yarnpkg.com/@webcomponents%2fwebcomponentjs: Not found
      at Request.params.callback [as _callback] (/usr/local/Cellar/yarn/0.19.1/libexec/lib/node_modules/yarn/lib/util/request-manager.js:313:18)
      at Request.self.callback (/usr/local/Cellar/yarn/0.19.1/libexec/lib/node_modules/yarn/node_modules/request/request.js:186:22)
      at emitTwo (events.js:106:13)
      at Request.emit (events.js:191:7)
      at Request.<anonymous> (/usr/local/Cellar/yarn/0.19.1/libexec/lib/node_modules/yarn/node_modules/request/request.js:1081:10)
      at emitOne (events.js:96:13)
      at Request.emit (events.js:188:7)
      at IncomingMessage.<anonymous> (/usr/local/Cellar/yarn/0.19.1/libexec/lib/node_modules/yarn/node_modules/request/request.js:1001:12)
      at IncomingMessage.g (events.js:291:16)
      at emitNone (events.js:91:20)
